<?xml version="1.0" encoding="UTF-8"?>
<testsuite xmlns:xsi="http://www.w3.org/2001/XMLSchema-instance" xsi:noNamespaceSchemaLocation="https://maven.apache.org/surefire/maven-surefire-plugin/xsd/surefire-test-report-3.0.xsd" version="3.0" name="com.Test.Runner" time="19.735" tests="5" errors="0" skipped="0" failures="0">
  <properties>
[...]
</properties>
  <testcase name="User Login Into The Web Application" classname="Hotel Booking In Adactin Application" time="4.127">
    <system-out><![CDATA[
@login
Scenario: User Login Into The Web Application                   &amp#27;[90m# src/test/java/com/feature/FeatureFile.feature:4&amp#27;[0m
  &amp#27;[32mGiven &amp#27;[0m&amp#27;[32muser Launch The Web Application&amp#27;[0m                         &amp#27;[90m# com.Stepdef.StepDefinition.user_Launch_The_Web_Application()&amp#27;[0m
  &amp#27;[32mWhen &amp#27;[0m&amp#27;[32muser Enter The username In Username Filed&amp#27;[0m                &amp#27;[90m# com.Stepdef.StepDefinition.user_Enter_The_username_In_Username_Filed()&amp#27;[0m
  &amp#27;[32mAnd &amp#27;[0m&amp#27;[32muser Enter THe In Password Filed&amp#27;[0m                          &amp#27;[90m# com.Stepdef.StepDefinition.user_Enter_THe_In_Password_Filed()&amp#27;[0m
  &amp#27;[32mThen &amp#27;[0m&amp#27;[32mUser Click The Login Button And Navigate To Search Hotel&amp#27;[0m &amp#27;[90m# com.Stepdef.StepDefinition.user_Click_The_Login_Button_And_Navigate_To_Search_Hotel()&amp#27;[0m
]]></system-out>
    <system-err><![CDATA[SLF4J: No SLF4J providers were found.
SLF4J: Defaulting to no-operation (NOP) logger implementation
SLF4J: See https://www.slf4j.org/codes.html#noProviders for further details.
Starting Microsoft Edge WebDriver 118.0.2088.76 (d3ddcf1d51d5981b1862597e6ea77f06d265a377) on port 15987
To submit feedback, report a bug, or suggest new features, please visit https://github.com/MicrosoftEdge/EdgeWebDriver

Only local connections are allowed.
Please see https://aka.ms/WebDriverSecurity for suggestions on keeping Microsoft Edge WebDriver safe.

Microsoft Edge WebDriver was started successfully.
Nov 01, 2023 6:48:48 PM org.openqa.selenium.remote.ProtocolHandshake createSession
INFO: Detected dialect: W3C
]]></system-err>
  </testcase>
  <testcase name="User Search Hotel In Search Hotel Page" classname="Hotel Booking In Adactin Application" time="2.747">
    <system-out><![CDATA[
@searchhotel
Scenario: User Search Hotel In Search Hotel Page                   &amp#27;[90m# src/test/java/com/feature/FeatureFile.feature:11&amp#27;[0m
  &amp#27;[32mWhen &amp#27;[0m&amp#27;[32muser Select The Location In Location Field&amp#27;[0m                  &amp#27;[90m# com.Stepdef.StepDefinition.user_Select_The_Location_In_Location_Field()&amp#27;[0m
  &amp#27;[32mAnd &amp#27;[0m&amp#27;[32muser Select The Hotel In Hotels Field&amp#27;[0m                        &amp#27;[90m# com.Stepdef.StepDefinition.user_Select_The_Hotel_In_Hotels_Field()&amp#27;[0m
  &amp#27;[32mAnd &amp#27;[0m&amp#27;[32muser Select The RoomType In RoomType Field&amp#27;[0m                   &amp#27;[90m# com.Stepdef.StepDefinition.user_Select_The_RoomType_In_RoomType_Field()&amp#27;[0m
  &amp#27;[32mAnd &amp#27;[0m&amp#27;[32muser Select The Number Of Room In Room Field&amp#27;[0m                 &amp#27;[90m# com.Stepdef.StepDefinition.user_Select_The_Number_Of_Room_In_Room_Field()&amp#27;[0m
  &amp#27;[32mAnd &amp#27;[0m&amp#27;[32muser Give CheckInDate To The Check In Field&amp#27;[0m                  &amp#27;[90m# com.Stepdef.StepDefinition.user_Give_CheckInDate_To_The_Check_In_Field()&amp#27;[0m
  &amp#27;[32mAnd &amp#27;[0m&amp#27;[32muser Give CheckOutDate To The Check Out Field&amp#27;[0m                &amp#27;[90m# com.Stepdef.StepDefinition.user_Give_CheckOutDate_To_The_Check_Out_Field()&amp#27;[0m
  &amp#27;[32mAnd &amp#27;[0m&amp#27;[32muser Give Adults Per Room To The AdultPerRoom Field&amp#27;[0m          &amp#27;[90m# com.Stepdef.StepDefinition.user_Give_Adults_Per_Room_To_The_AdultPerRoom_Field()&amp#27;[0m
  &amp#27;[32mAnd &amp#27;[0m&amp#27;[32muser Give Childrens Per Room To The ChildrensPerRoom Field&amp#27;[0m   &amp#27;[90m# com.Stepdef.StepDefinition.user_Give_Childrens_Per_Room_To_The_ChildrensPerRoom_Field()&amp#27;[0m
  &amp#27;[32mThen &amp#27;[0m&amp#27;[32muser Click The Search Btn And Navigate To Select Hotel Page&amp#27;[0m &amp#27;[90m# com.Stepdef.StepDefinition.user_Click_The_Search_Btn_And_Navigate_To_Select_Hotel_Page()&amp#27;[0m
]]></system-out>
  </testcase>
  <testcase name="User Confirm The Room In Select Hotel" classname="Hotel Booking In Adactin Application" time="0.849">
    <system-out><![CDATA[
@selecthotel
Scenario: User Confirm The Room In Select Hotel                   &amp#27;[90m# src/test/java/com/feature/FeatureFile.feature:22&amp#27;[0m
  &amp#27;[32mWhen &amp#27;[0m&amp#27;[32muser Click The Radio Button&amp#27;[0m                                &amp#27;[90m# com.Stepdef.StepDefinition.user_Click_The_Radio_Button()&amp#27;[0m
  &amp#27;[32mThen &amp#27;[0m&amp#27;[32muser click The Continue Button To Navigate To Book A Hotel&amp#27;[0m &amp#27;[90m# com.Stepdef.StepDefinition.user_click_The_Continue_Button_To_Navigate_To_Book_A_Hotel()&amp#27;[0m
]]></system-out>
  </testcase>
  <testcase name="User Book The Room And Make A Payment" classname="Hotel Booking In Adactin Application" time="2.715">
    <system-out><![CDATA[
@bookroom
Scenario: User Book The Room And Make A Payment                             &amp#27;[90m# src/test/java/com/feature/FeatureFile.feature:26&amp#27;[0m
  &amp#27;[32mWhen &amp#27;[0m&amp#27;[32muser Enter The First Name&amp#27;[0m                                            &amp#27;[90m# com.Stepdef.StepDefinition.user_Enter_The_First_Name()&amp#27;[0m
  &amp#27;[32mAnd &amp#27;[0m&amp#27;[32muser ENter The Last Name&amp#27;[0m                                              &amp#27;[90m# com.Stepdef.StepDefinition.user_ENter_The_Last_Name()&amp#27;[0m
  &amp#27;[32mAnd &amp#27;[0m&amp#27;[32muser Enter The Billing Address&amp#27;[0m                                        &amp#27;[90m# com.Stepdef.StepDefinition.user_Enter_The_Billing_Address()&amp#27;[0m
  &amp#27;[32mAnd &amp#27;[0m&amp#27;[32muser Enter The Valid Credit card Number&amp#27;[0m                               &amp#27;[90m# com.Stepdef.StepDefinition.user_Enter_The_Valid_Credit_card_Number()&amp#27;[0m
  &amp#27;[32mAnd &amp#27;[0m&amp#27;[32muser Choose The Credit Card Type&amp#27;[0m                                      &amp#27;[90m# com.Stepdef.StepDefinition.user_Choose_The_Credit_Card_Type()&amp#27;[0m
  &amp#27;[32mAnd &amp#27;[0m&amp#27;[32muser Select The Expiry Month&amp#27;[0m                                          &amp#27;[90m# com.Stepdef.StepDefinition.user_Select_The_Expiry_Month()&amp#27;[0m
  &amp#27;[32mAnd &amp#27;[0m&amp#27;[32muser Select The Expiry Year&amp#27;[0m                                           &amp#27;[90m# com.Stepdef.StepDefinition.user_Select_The_Expiry_Year()&amp#27;[0m
  &amp#27;[32mAnd &amp#27;[0m&amp#27;[32muser Enter The CVV Number&amp#27;[0m                                             &amp#27;[90m# com.Stepdef.StepDefinition.user_Enter_The_CVV_Number()&amp#27;[0m
  &amp#27;[32mThen &amp#27;[0m&amp#27;[32muser Click The BookNow Btn And Navigate To Booking Confirmation Page&amp#27;[0m &amp#27;[90m# com.Stepdef.StepDefinition.user_Click_The_BookNow_Btn_And_Navigate_To_Booking_Confirmation_Page()&amp#27;[0m
]]></system-out>
  </testcase>
  <testcase name="User Logout The Page After Booking Confimation" classname="Hotel Booking In Adactin Application" time="5.732">
    <system-out><![CDATA[
@confirmation
Scenario: User Logout The Page After Booking Confimation &amp#27;[90m# src/test/java/com/feature/FeatureFile.feature:37&amp#27;[0m
  &amp#27;[32mThen &amp#27;[0m&amp#27;[32muser Click The Logout Button&amp#27;[0m                      &amp#27;[90m# com.Stepdef.StepDefinition.user_Click_The_Logout_Button()&amp#27;[0m
]]></system-out>
  </testcase>
</testsuite>